==37408== Memcheck, a memory error detector
==37408== Copyright (C) 2002-2017, and GNU GPL'd, by Julian Seward et al.
==37408== Using Valgrind-3.13.0 and LibVEX; rerun with -h for copyright info
==37408== Command: ./QPointerDemo
==37408== 
MyDlg constructor ... 

==37408== Syscall param ioctl(generic) points to uninitialised byte(s)
==37408==    at 0x6487317: ioctl (syscall-template.S:78)
==37408==    by 0x1CBF8112: ??? (in /usr/lib/x86_64-linux-gnu/dri/amdgpu_dri.so)
==37408==    by 0x1EC0162B: ??? (in /opt/amdgpu/lib/x86_64-linux-gnu/libdrm_amdgpu.so.1.0.0)
==37408==    by 0xFFFFFFFF: ???
==37408==    by 0x1FFEFFE23F: ???
==37408==    by 0x1EE0D1CF: ??? (in /opt/amdgpu/lib/x86_64-linux-gnu/libdrm_amdgpu.so.1.0.0)
==37408==    by 0x1FFEFFE27F: ???
==37408==    by 0x1E940A8F: ???
==37408==    by 0x1E66B1EF: ???
==37408==    by 0x1EE1864F: ???
==37408==    by 0x1E66B007: ???
==37408==    by 0x4010052: _dl_fixup (dl-runtime.c:112)
==37408==  Address 0x1ffeffe294 is on thread 1's stack
==37408== 
==37408== Syscall param ioctl(generic) points to uninitialised byte(s)
==37408==    at 0x6487317: ioctl (syscall-template.S:78)
==37408==    by 0x1CBF85B9: ??? (in /usr/lib/x86_64-linux-gnu/dri/amdgpu_dri.so)
==37408==    by 0x1EC0162B: ??? (in /opt/amdgpu/lib/x86_64-linux-gnu/libdrm_amdgpu.so.1.0.0)
==37408==    by 0xFFFFFFFF: ???
==37408==    by 0x1FFEFFE23F: ???
==37408==    by 0x1EE0D1CF: ??? (in /opt/amdgpu/lib/x86_64-linux-gnu/libdrm_amdgpu.so.1.0.0)
==37408==    by 0x1FFEFFE27F: ???
==37408==    by 0x1E940A8F: ???
==37408==    by 0x1E66B1EF: ???
==37408==    by 0x1EE1864F: ???
==37408==    by 0x1E66B007: ???
==37408==    by 0x4010052: _dl_fixup (dl-runtime.c:112)
==37408==  Address 0x1ffeffe298 is on thread 1's stack
==37408== 
==37408== Use of uninitialised value of size 8
==37408==    at 0x4C34CF2: strlen (in /usr/lib/valgrind/vgpreload_memcheck-amd64-linux.so)
==37408==    by 0x1CBF85D4: ??? (in /usr/lib/x86_64-linux-gnu/dri/amdgpu_dri.so)
==37408==    by 0x1EC0162B: ??? (in /opt/amdgpu/lib/x86_64-linux-gnu/libdrm_amdgpu.so.1.0.0)
==37408==    by 0xFFFFFFFF: ???
==37408==    by 0x1FFEFFE23F: ???
==37408==    by 0x1EE0D1CF: ??? (in /opt/amdgpu/lib/x86_64-linux-gnu/libdrm_amdgpu.so.1.0.0)
==37408==    by 0x1FFEFFE27F: ???
==37408==    by 0x1E940A8F: ???
==37408==    by 0x1E66B1EF: ???
==37408==    by 0x1EE1864F: ???
==37408==    by 0x1E66B007: ???
==37408==    by 0x4010052: _dl_fixup (dl-runtime.c:112)
==37408== 
==37408== Conditional jump or move depends on uninitialised value(s)
==37408==    at 0x4C34CF9: strlen (in /usr/lib/valgrind/vgpreload_memcheck-amd64-linux.so)
==37408==    by 0x1CBF85D4: ??? (in /usr/lib/x86_64-linux-gnu/dri/amdgpu_dri.so)
==37408==    by 0x1EC0162B: ??? (in /opt/amdgpu/lib/x86_64-linux-gnu/libdrm_amdgpu.so.1.0.0)
==37408==    by 0xFFFFFFFF: ???
==37408==    by 0x1FFEFFE23F: ???
==37408==    by 0x1EE0D1CF: ??? (in /opt/amdgpu/lib/x86_64-linux-gnu/libdrm_amdgpu.so.1.0.0)
==37408==    by 0x1FFEFFE27F: ???
==37408==    by 0x1E940A8F: ???
==37408==    by 0x1E66B1EF: ???
==37408==    by 0x1EE1864F: ???
==37408==    by 0x1E66B007: ???
==37408==    by 0x4010052: _dl_fixup (dl-runtime.c:112)
==37408== 
==37408== Use of uninitialised value of size 8
==37408==    at 0x4C34D04: strlen (in /usr/lib/valgrind/vgpreload_memcheck-amd64-linux.so)
==37408==    by 0x1CBF85D4: ??? (in /usr/lib/x86_64-linux-gnu/dri/amdgpu_dri.so)
==37408==    by 0x1EC0162B: ??? (in /opt/amdgpu/lib/x86_64-linux-gnu/libdrm_amdgpu.so.1.0.0)
==37408==    by 0xFFFFFFFF: ???
==37408==    by 0x1FFEFFE23F: ???
==37408==    by 0x1EE0D1CF: ??? (in /opt/amdgpu/lib/x86_64-linux-gnu/libdrm_amdgpu.so.1.0.0)
==37408==    by 0x1FFEFFE27F: ???
==37408==    by 0x1E940A8F: ???
==37408==    by 0x1E66B1EF: ???
==37408==    by 0x1EE1864F: ???
==37408==    by 0x1E66B007: ???
==37408==    by 0x4010052: _dl_fixup (dl-runtime.c:112)
==37408== 
==37408== Conditional jump or move depends on uninitialised value(s)
==37408==    at 0x4C34D08: strlen (in /usr/lib/valgrind/vgpreload_memcheck-amd64-linux.so)
==37408==    by 0x1CBF85D4: ??? (in /usr/lib/x86_64-linux-gnu/dri/amdgpu_dri.so)
==37408==    by 0x1EC0162B: ??? (in /opt/amdgpu/lib/x86_64-linux-gnu/libdrm_amdgpu.so.1.0.0)
==37408==    by 0xFFFFFFFF: ???
==37408==    by 0x1FFEFFE23F: ???
==37408==    by 0x1EE0D1CF: ??? (in /opt/amdgpu/lib/x86_64-linux-gnu/libdrm_amdgpu.so.1.0.0)
==37408==    by 0x1FFEFFE27F: ???
==37408==    by 0x1E940A8F: ???
==37408==    by 0x1E66B1EF: ???
==37408==    by 0x1EE1864F: ???
==37408==    by 0x1E66B007: ???
==37408==    by 0x4010052: _dl_fixup (dl-runtime.c:112)
==37408== 
==37408== Use of uninitialised value of size 8
==37408==    at 0x6427320: __strcpy_sse2_unaligned (strcpy-sse2-unaligned.S:47)
==37408==    by 0x1CBF85EC: ??? (in /usr/lib/x86_64-linux-gnu/dri/amdgpu_dri.so)
==37408==    by 0x1EC0162B: ??? (in /opt/amdgpu/lib/x86_64-linux-gnu/libdrm_amdgpu.so.1.0.0)
==37408==    by 0xFFFFFFFF: ???
==37408==    by 0x1FFEFFE23F: ???
==37408==    by 0x1EE0D1CF: ??? (in /opt/amdgpu/lib/x86_64-linux-gnu/libdrm_amdgpu.so.1.0.0)
==37408==    by 0x1FFEFFE27F: ???
==37408==    by 0x1E940A8F: ???
==37408==    by 0x1E66B1EF: ???
==37408==    by 0x1EE1864F: ???
==37408==    by 0x1E66B007: ???
==37408==    by 0x4010052: _dl_fixup (dl-runtime.c:112)
==37408== 
==37408== Conditional jump or move depends on uninitialised value(s)
==37408==    at 0x4C34DEC: strcpy (in /usr/lib/valgrind/vgpreload_memcheck-amd64-linux.so)
==37408==    by 0x1CBF85EC: ??? (in /usr/lib/x86_64-linux-gnu/dri/amdgpu_dri.so)
==37408==    by 0x1EC0162B: ??? (in /opt/amdgpu/lib/x86_64-linux-gnu/libdrm_amdgpu.so.1.0.0)
==37408==    by 0xFFFFFFFF: ???
==37408==    by 0x1FFEFFE23F: ???
==37408==    by 0x1EE0D1CF: ??? (in /opt/amdgpu/lib/x86_64-linux-gnu/libdrm_amdgpu.so.1.0.0)
==37408==    by 0x1FFEFFE27F: ???
==37408==    by 0x1E940A8F: ???
==37408==    by 0x1E66B1EF: ???
==37408==    by 0x1EE1864F: ???
==37408==    by 0x1E66B007: ???
==37408==    by 0x4010052: _dl_fixup (dl-runtime.c:112)
==37408== 
==37408== Use of uninitialised value of size 8
==37408==    at 0x4C34E03: strcpy (in /usr/lib/valgrind/vgpreload_memcheck-amd64-linux.so)
==37408==    by 0x1CBF85EC: ??? (in /usr/lib/x86_64-linux-gnu/dri/amdgpu_dri.so)
==37408==    by 0x1EC0162B: ??? (in /opt/amdgpu/lib/x86_64-linux-gnu/libdrm_amdgpu.so.1.0.0)
==37408==    by 0xFFFFFFFF: ???
==37408==    by 0x1FFEFFE23F: ???
==37408==    by 0x1EE0D1CF: ??? (in /opt/amdgpu/lib/x86_64-linux-gnu/libdrm_amdgpu.so.1.0.0)
==37408==    by 0x1FFEFFE27F: ???
==37408==    by 0x1E940A8F: ???
==37408==    by 0x1E66B1EF: ???
==37408==    by 0x1EE1864F: ???
==37408==    by 0x1E66B007: ???
==37408==    by 0x4010052: _dl_fixup (dl-runtime.c:112)
==37408== 
==37408== Conditional jump or move depends on uninitialised value(s)
==37408==    at 0x4C34E08: strcpy (in /usr/lib/valgrind/vgpreload_memcheck-amd64-linux.so)
==37408==    by 0x1CBF85EC: ??? (in /usr/lib/x86_64-linux-gnu/dri/amdgpu_dri.so)
==37408==    by 0x1EC0162B: ??? (in /opt/amdgpu/lib/x86_64-linux-gnu/libdrm_amdgpu.so.1.0.0)
==37408==    by 0xFFFFFFFF: ???
==37408==    by 0x1FFEFFE23F: ???
==37408==    by 0x1EE0D1CF: ??? (in /opt/amdgpu/lib/x86_64-linux-gnu/libdrm_amdgpu.so.1.0.0)
==37408==    by 0x1FFEFFE27F: ???
==37408==    by 0x1E940A8F: ???
==37408==    by 0x1E66B1EF: ???
==37408==    by 0x1EE1864F: ???
==37408==    by 0x1E66B007: ???
==37408==    by 0x4010052: _dl_fixup (dl-runtime.c:112)
==37408== 
==37408== Conditional jump or move depends on uninitialised value(s)
==37408==    at 0x4C39702: strstr (in /usr/lib/valgrind/vgpreload_memcheck-amd64-linux.so)
==37408==    by 0x1CBF8600: ??? (in /usr/lib/x86_64-linux-gnu/dri/amdgpu_dri.so)
==37408==    by 0x1EC0162B: ??? (in /opt/amdgpu/lib/x86_64-linux-gnu/libdrm_amdgpu.so.1.0.0)
==37408==    by 0xFFFFFFFF: ???
==37408==    by 0x1FFEFFE23F: ???
==37408==    by 0x1EE0D1CF: ??? (in /opt/amdgpu/lib/x86_64-linux-gnu/libdrm_amdgpu.so.1.0.0)
==37408==    by 0x1FFEFFE29F: ???
==37408==    by 0x1E940A8F: ???
==37408==    by 0x1E66B1EF: ???
==37408==    by 0x1EE1864F: ???
==37408==    by 0x1E66B007: ???
==37408==    by 0x4010052: _dl_fixup (dl-runtime.c:112)
==37408== 
==37408== Conditional jump or move depends on uninitialised value(s)
==37408==    at 0x4C39721: strstr (in /usr/lib/valgrind/vgpreload_memcheck-amd64-linux.so)
==37408==    by 0x1CBF8600: ??? (in /usr/lib/x86_64-linux-gnu/dri/amdgpu_dri.so)
==37408==    by 0x1EC0162B: ??? (in /opt/amdgpu/lib/x86_64-linux-gnu/libdrm_amdgpu.so.1.0.0)
==37408==    by 0xFFFFFFFF: ???
==37408==    by 0x1FFEFFE23F: ???
==37408==    by 0x1EE0D1CF: ??? (in /opt/amdgpu/lib/x86_64-linux-gnu/libdrm_amdgpu.so.1.0.0)
==37408==    by 0x1FFEFFE29F: ???
==37408==    by 0x1E940A8F: ???
==37408==    by 0x1E66B1EF: ???
==37408==    by 0x1EE1864F: ???
==37408==    by 0x1E66B007: ???
==37408==    by 0x4010052: _dl_fixup (dl-runtime.c:112)
==37408== 
==37408== Conditional jump or move depends on uninitialised value(s)
==37408==    at 0x4C39739: strstr (in /usr/lib/valgrind/vgpreload_memcheck-amd64-linux.so)
==37408==    by 0x1CBF8600: ??? (in /usr/lib/x86_64-linux-gnu/dri/amdgpu_dri.so)
==37408==    by 0x1EC0162B: ??? (in /opt/amdgpu/lib/x86_64-linux-gnu/libdrm_amdgpu.so.1.0.0)
==37408==    by 0xFFFFFFFF: ???
==37408==    by 0x1FFEFFE23F: ???
==37408==    by 0x1EE0D1CF: ??? (in /opt/amdgpu/lib/x86_64-linux-gnu/libdrm_amdgpu.so.1.0.0)
==37408==    by 0x1FFEFFE29F: ???
==37408==    by 0x1E940A8F: ???
==37408==    by 0x1E66B1EF: ???
==37408==    by 0x1EE1864F: ???
==37408==    by 0x1E66B007: ???
==37408==    by 0x4010052: _dl_fixup (dl-runtime.c:112)
==37408== 
==37408== Syscall param ioctl(generic) points to uninitialised byte(s)
==37408==    at 0x6487317: ioctl (syscall-template.S:78)
==37408==    by 0x1CBF8112: ??? (in /usr/lib/x86_64-linux-gnu/dri/amdgpu_dri.so)
==37408==  Address 0x1ffeffdc94 is on thread 1's stack
==37408== 
==37408== Syscall param ioctl(generic) points to uninitialised byte(s)
==37408==    at 0x6487317: ioctl (syscall-template.S:78)
==37408==    by 0x1CBF85B9: ??? (in /usr/lib/x86_64-linux-gnu/dri/amdgpu_dri.so)
==37408==  Address 0x1ffeffdc98 is on thread 1's stack
==37408== 
==37408== Use of uninitialised value of size 8
==37408==    at 0x4C34CF2: strlen (in /usr/lib/valgrind/vgpreload_memcheck-amd64-linux.so)
==37408==    by 0x1CBF85D4: ??? (in /usr/lib/x86_64-linux-gnu/dri/amdgpu_dri.so)
==37408== 
==37408== Conditional jump or move depends on uninitialised value(s)
==37408==    at 0x4C34CF9: strlen (in /usr/lib/valgrind/vgpreload_memcheck-amd64-linux.so)
==37408==    by 0x1CBF85D4: ??? (in /usr/lib/x86_64-linux-gnu/dri/amdgpu_dri.so)
==37408== 
==37408== Use of uninitialised value of size 8
==37408==    at 0x4C34D04: strlen (in /usr/lib/valgrind/vgpreload_memcheck-amd64-linux.so)
==37408==    by 0x1CBF85D4: ??? (in /usr/lib/x86_64-linux-gnu/dri/amdgpu_dri.so)
==37408== 
==37408== Conditional jump or move depends on uninitialised value(s)
==37408==    at 0x4C34D08: strlen (in /usr/lib/valgrind/vgpreload_memcheck-amd64-linux.so)
==37408==    by 0x1CBF85D4: ??? (in /usr/lib/x86_64-linux-gnu/dri/amdgpu_dri.so)
==37408== 
==37408== Use of uninitialised value of size 8
==37408==    at 0x6427320: __strcpy_sse2_unaligned (strcpy-sse2-unaligned.S:47)
==37408==    by 0x1CBF85EC: ??? (in /usr/lib/x86_64-linux-gnu/dri/amdgpu_dri.so)
==37408== 
==37408== Conditional jump or move depends on uninitialised value(s)
==37408==    at 0x4C34DEC: strcpy (in /usr/lib/valgrind/vgpreload_memcheck-amd64-linux.so)
==37408==    by 0x1CBF85EC: ??? (in /usr/lib/x86_64-linux-gnu/dri/amdgpu_dri.so)
==37408== 
==37408== Use of uninitialised value of size 8
==37408==    at 0x4C34E03: strcpy (in /usr/lib/valgrind/vgpreload_memcheck-amd64-linux.so)
==37408==    by 0x1CBF85EC: ??? (in /usr/lib/x86_64-linux-gnu/dri/amdgpu_dri.so)
==37408== 
==37408== Conditional jump or move depends on uninitialised value(s)
==37408==    at 0x4C34E08: strcpy (in /usr/lib/valgrind/vgpreload_memcheck-amd64-linux.so)
==37408==    by 0x1CBF85EC: ??? (in /usr/lib/x86_64-linux-gnu/dri/amdgpu_dri.so)
==37408== 
==37408== Conditional jump or move depends on uninitialised value(s)
==37408==    at 0x4C39702: strstr (in /usr/lib/valgrind/vgpreload_memcheck-amd64-linux.so)
==37408==    by 0x1CBF8600: ??? (in /usr/lib/x86_64-linux-gnu/dri/amdgpu_dri.so)
==37408== 
==37408== Conditional jump or move depends on uninitialised value(s)
==37408==    at 0x4C39721: strstr (in /usr/lib/valgrind/vgpreload_memcheck-amd64-linux.so)
==37408==    by 0x1CBF8600: ??? (in /usr/lib/x86_64-linux-gnu/dri/amdgpu_dri.so)
==37408== 
==37408== Conditional jump or move depends on uninitialised value(s)
==37408==    at 0x4C39739: strstr (in /usr/lib/valgrind/vgpreload_memcheck-amd64-linux.so)
==37408==    by 0x1CBF8600: ??? (in /usr/lib/x86_64-linux-gnu/dri/amdgpu_dri.so)
==37408== 
MyDlg destructor ... 

Size of QPushButton is  48  bytes 

Size of QHBoxLayout is  32  bytes 

==37408== 
==37408== HEAP SUMMARY:
==37408==     in use at exit: 1,688,537 bytes in 21,950 blocks
==37408==   total heap usage: 227,635 allocs, 205,685 frees, 19,766,481 bytes allocated
==37408== 
==37408== 14 bytes in 1 blocks are definitely lost in loss record 399 of 6,696
==37408==    at 0x4C31B0F: malloc (in /usr/lib/valgrind/vgpreload_memcheck-amd64-linux.so)
==37408==    by 0x640EAF9: strdup (strdup.c:42)
==37408==    by 0x1C7F3E13: ??? (in /usr/lib/x86_64-linux-gnu/dri/amdgpu_dri.so)
==37408==    by 0x1C84F89C: ??? (in /usr/lib/x86_64-linux-gnu/dri/amdgpu_dri.so)
==37408==    by 0xFFFFFFFE: ???
==37408== 
==37408== 14 bytes in 1 blocks are definitely lost in loss record 400 of 6,696
==37408==    at 0x4C31B0F: malloc (in /usr/lib/valgrind/vgpreload_memcheck-amd64-linux.so)
==37408==    by 0x640EAF9: strdup (strdup.c:42)
==37408==    by 0x1C7F3E13: ??? (in /usr/lib/x86_64-linux-gnu/dri/amdgpu_dri.so)
==37408==    by 0x1C850245: ??? (in /usr/lib/x86_64-linux-gnu/dri/amdgpu_dri.so)
==37408==    by 0xFFFFFFFE: ???
==37408==    by 0x1FFEFFF57F: ???
==37408==    by 0x1FFEFFF59F: ???
==37408==    by 0x1FFEFFF58F: ???
==37408==    by 0x1D42B5CB: ??? (in /usr/lib/x86_64-linux-gnu/dri/amdgpu_dri.so)
==37408==    by 0x1977CC8F: ???
==37408==    by 0x1FFEFFF6B7: ???
==37408==    by 0x88F6BDF: ??? (in /opt/amdgpu-pro/lib/x86_64-linux-gnu/libGL.so.1.2)
==37408== 
==37408== 16 bytes in 1 blocks are possibly lost in loss record 1,365 of 6,696
==37408==    at 0x4C33B25: calloc (in /usr/lib/valgrind/vgpreload_memcheck-amd64-linux.so)
==37408==    by 0x8364C30: g_malloc0 (in /usr/lib/x86_64-linux-gnu/libglib-2.0.so.0.5600.4)
==37408==    by 0x139E52FE: ??? (in /usr/lib/x86_64-linux-gnu/libgobject-2.0.so.0.5600.4)
==37408==    by 0x139EA530: g_type_register_fundamental (in /usr/lib/x86_64-linux-gnu/libgobject-2.0.so.0.5600.4)
==37408==    by 0x139C83BE: ??? (in /usr/lib/x86_64-linux-gnu/libgobject-2.0.so.0.5600.4)
==37408==    by 0x139C2277: ??? (in /usr/lib/x86_64-linux-gnu/libgobject-2.0.so.0.5600.4)
==37408==    by 0x40108D2: call_init (dl-init.c:72)
==37408==    by 0x40108D2: _dl_init (dl-init.c:119)
==37408==    by 0x401539E: dl_open_worker (dl-open.c:522)
==37408==    by 0x64D81EE: _dl_catch_exception (dl-error-skeleton.c:196)
==37408==    by 0x4014969: _dl_open (dl-open.c:605)
==37408==    by 0x810FF95: dlopen_doit (dlopen.c:66)
==37408==    by 0x64D81EE: _dl_catch_exception (dl-error-skeleton.c:196)
==37408== 
==37408== 16 bytes in 1 blocks are possibly lost in loss record 1,366 of 6,696
==37408==    at 0x4C31A3F: malloc (in /usr/lib/valgrind/vgpreload_memcheck-amd64-linux.so)
==37408==    by 0x4C33D84: realloc (in /usr/lib/valgrind/vgpreload_memcheck-amd64-linux.so)
==37408==    by 0x8364C8F: g_realloc (in /usr/lib/x86_64-linux-gnu/libglib-2.0.so.0.5600.4)
==37408==    by 0x139E51D8: ??? (in /usr/lib/x86_64-linux-gnu/libgobject-2.0.so.0.5600.4)
==37408==    by 0x139EA530: g_type_register_fundamental (in /usr/lib/x86_64-linux-gnu/libgobject-2.0.so.0.5600.4)
==37408==    by 0x139C83BE: ??? (in /usr/lib/x86_64-linux-gnu/libgobject-2.0.so.0.5600.4)
==37408==    by 0x139C2277: ??? (in /usr/lib/x86_64-linux-gnu/libgobject-2.0.so.0.5600.4)
==37408==    by 0x40108D2: call_init (dl-init.c:72)
==37408==    by 0x40108D2: _dl_init (dl-init.c:119)
==37408==    by 0x401539E: dl_open_worker (dl-open.c:522)
==37408==    by 0x64D81EE: _dl_catch_exception (dl-error-skeleton.c:196)
==37408==    by 0x4014969: _dl_open (dl-open.c:605)
==37408==    by 0x810FF95: dlopen_doit (dlopen.c:66)
==37408== 
==37408== 16 bytes in 1 blocks are possibly lost in loss record 1,367 of 6,696
==37408==    at 0x4C33B25: calloc (in /usr/lib/valgrind/vgpreload_memcheck-amd64-linux.so)
==37408==    by 0x8364C30: g_malloc0 (in /usr/lib/x86_64-linux-gnu/libglib-2.0.so.0.5600.4)
==37408==    by 0x139E52FE: ??? (in /usr/lib/x86_64-linux-gnu/libgobject-2.0.so.0.5600.4)
==37408==    by 0x139EA530: g_type_register_fundamental (in /usr/lib/x86_64-linux-gnu/libgobject-2.0.so.0.5600.4)
==37408==    by 0x139C8421: ??? (in /usr/lib/x86_64-linux-gnu/libgobject-2.0.so.0.5600.4)
==37408==    by 0x139C2277: ??? (in /usr/lib/x86_64-linux-gnu/libgobject-2.0.so.0.5600.4)
==37408==    by 0x40108D2: call_init (dl-init.c:72)
==37408==    by 0x40108D2: _dl_init (dl-init.c:119)
==37408==    by 0x401539E: dl_open_worker (dl-open.c:522)
==37408==    by 0x64D81EE: _dl_catch_exception (dl-error-skeleton.c:196)
==37408==    by 0x4014969: _dl_open (dl-open.c:605)
==37408==    by 0x810FF95: dlopen_doit (dlopen.c:66)
==37408==    by 0x64D81EE: _dl_catch_exception (dl-error-skeleton.c:196)
==37408== 
==37408== 16 bytes in 1 blocks are possibly lost in loss record 1,368 of 6,696
==37408==    at 0x4C31A3F: malloc (in /usr/lib/valgrind/vgpreload_memcheck-amd64-linux.so)
==37408==    by 0x4C33D84: realloc (in /usr/lib/valgrind/vgpreload_memcheck-amd64-linux.so)
==37408==    by 0x8364C8F: g_realloc (in /usr/lib/x86_64-linux-gnu/libglib-2.0.so.0.5600.4)
==37408==    by 0x139E51D8: ??? (in /usr/lib/x86_64-linux-gnu/libgobject-2.0.so.0.5600.4)
==37408==    by 0x139EA530: g_type_register_fundamental (in /usr/lib/x86_64-linux-gnu/libgobject-2.0.so.0.5600.4)
==37408==    by 0x139C8421: ??? (in /usr/lib/x86_64-linux-gnu/libgobject-2.0.so.0.5600.4)
==37408==    by 0x139C2277: ??? (in /usr/lib/x86_64-linux-gnu/libgobject-2.0.so.0.5600.4)
==37408==    by 0x40108D2: call_init (dl-init.c:72)
==37408==    by 0x40108D2: _dl_init (dl-init.c:119)
==37408==    by 0x401539E: dl_open_worker (dl-open.c:522)
==37408==    by 0x64D81EE: _dl_catch_exception (dl-error-skeleton.c:196)
==37408==    by 0x4014969: _dl_open (dl-open.c:605)
==37408==    by 0x810FF95: dlopen_doit (dlopen.c:66)
==37408== 
==37408== 16 bytes in 1 blocks are possibly lost in loss record 1,369 of 6,696
==37408==    at 0x4C33B25: calloc (in /usr/lib/valgrind/vgpreload_memcheck-amd64-linux.so)
==37408==    by 0x8364C30: g_malloc0 (in /usr/lib/x86_64-linux-gnu/libglib-2.0.so.0.5600.4)
==37408==    by 0x139E52FE: ??? (in /usr/lib/x86_64-linux-gnu/libgobject-2.0.so.0.5600.4)
==37408==    by 0x139EA530: g_type_register_fundamental (in /usr/lib/x86_64-linux-gnu/libgobject-2.0.so.0.5600.4)
==37408==    by 0x139D21BB: ??? (in /usr/lib/x86_64-linux-gnu/libgobject-2.0.so.0.5600.4)
==37408==    by 0x139C2281: ??? (in /usr/lib/x86_64-linux-gnu/libgobject-2.0.so.0.5600.4)
==37408==    by 0x40108D2: call_init (dl-init.c:72)
==37408==    by 0x40108D2: _dl_init (dl-init.c:119)
==37408==    by 0x401539E: dl_open_worker (dl-open.c:522)
==37408==    by 0x64D81EE: _dl_catch_exception (dl-error-skeleton.c:196)
==37408==    by 0x4014969: _dl_open (dl-open.c:605)
==37408==    by 0x810FF95: dlopen_doit (dlopen.c:66)
==37408==    by 0x64D81EE: _dl_catch_exception (dl-error-skeleton.c:196)
==37408== 
==37408== 16 bytes in 1 blocks are possibly lost in loss record 1,370 of 6,696
==37408==    at 0x4C31A3F: malloc (in /usr/lib/valgrind/vgpreload_memcheck-amd64-linux.so)
==37408==    by 0x4C33D84: realloc (in /usr/lib/valgrind/vgpreload_memcheck-amd64-linux.so)
==37408==    by 0x8364C8F: g_realloc (in /usr/lib/x86_64-linux-gnu/libglib-2.0.so.0.5600.4)
==37408==    by 0x139E51D8: ??? (in /usr/lib/x86_64-linux-gnu/libgobject-2.0.so.0.5600.4)
==37408==    by 0x139EA530: g_type_register_fundamental (in /usr/lib/x86_64-linux-gnu/libgobject-2.0.so.0.5600.4)
==37408==    by 0x139D21BB: ??? (in /usr/lib/x86_64-linux-gnu/libgobject-2.0.so.0.5600.4)
==37408==    by 0x139C2281: ??? (in /usr/lib/x86_64-linux-gnu/libgobject-2.0.so.0.5600.4)
==37408==    by 0x40108D2: call_init (dl-init.c:72)
==37408==    by 0x40108D2: _dl_init (dl-init.c:119)
==37408==    by 0x401539E: dl_open_worker (dl-open.c:522)
==37408==    by 0x64D81EE: _dl_catch_exception (dl-error-skeleton.c:196)
==37408==    by 0x4014969: _dl_open (dl-open.c:605)
==37408==    by 0x810FF95: dlopen_doit (dlopen.c:66)
==37408== 
==37408== 16 bytes in 1 blocks are possibly lost in loss record 1,371 of 6,696
==37408==    at 0x4C33B25: calloc (in /usr/lib/valgrind/vgpreload_memcheck-amd64-linux.so)
==37408==    by 0x8364C30: g_malloc0 (in /usr/lib/x86_64-linux-gnu/libglib-2.0.so.0.5600.4)
==37408==    by 0x139E52FE: ??? (in /usr/lib/x86_64-linux-gnu/libgobject-2.0.so.0.5600.4)
==37408==    by 0x139EA530: g_type_register_fundamental (in /usr/lib/x86_64-linux-gnu/libgobject-2.0.so.0.5600.4)
==37408==    by 0x139CCFBB: ??? (in /usr/lib/x86_64-linux-gnu/libgobject-2.0.so.0.5600.4)
==37408==    by 0x139C2286: ??? (in /usr/lib/x86_64-linux-gnu/libgobject-2.0.so.0.5600.4)
==37408==    by 0x40108D2: call_init (dl-init.c:72)
==37408==    by 0x40108D2: _dl_init (dl-init.c:119)
==37408==    by 0x401539E: dl_open_worker (dl-open.c:522)
==37408==    by 0x64D81EE: _dl_catch_exception (dl-error-skeleton.c:196)
==37408==    by 0x4014969: _dl_open (dl-open.c:605)
==37408==    by 0x810FF95: dlopen_doit (dlopen.c:66)
==37408==    by 0x64D81EE: _dl_catch_exception (dl-error-skeleton.c:196)
==37408== 
==37408== 16 bytes in 1 blocks are possibly lost in loss record 1,372 of 6,696
==37408==    at 0x4C31A3F: malloc (in /usr/lib/valgrind/vgpreload_memcheck-amd64-linux.so)
==37408==    by 0x4C33D84: realloc (in /usr/lib/valgrind/vgpreload_memcheck-amd64-linux.so)
==37408==    by 0x8364C8F: g_realloc (in /usr/lib/x86_64-linux-gnu/libglib-2.0.so.0.5600.4)
==37408==    by 0x139E51D8: ??? (in /usr/lib/x86_64-linux-gnu/libgobject-2.0.so.0.5600.4)
==37408==    by 0x139EA530: g_type_register_fundamental (in /usr/lib/x86_64-linux-gnu/libgobject-2.0.so.0.5600.4)
==37408==    by 0x139CCFBB: ??? (in /usr/lib/x86_64-linux-gnu/libgobject-2.0.so.0.5600.4)
==37408==    by 0x139C2286: ??? (in /usr/lib/x86_64-linux-gnu/libgobject-2.0.so.0.5600.4)
==37408==    by 0x40108D2: call_init (dl-init.c:72)
==37408==    by 0x40108D2: _dl_init (dl-init.c:119)
==37408==    by 0x401539E: dl_open_worker (dl-open.c:522)
==37408==    by 0x64D81EE: _dl_catch_exception (dl-error-skeleton.c:196)
==37408==    by 0x4014969: _dl_open (dl-open.c:605)
==37408==    by 0x810FF95: dlopen_doit (dlopen.c:66)
==37408== 
==37408== 16 bytes in 1 blocks are possibly lost in loss record 1,373 of 6,696
==37408==    at 0x4C31B0F: malloc (in /usr/lib/valgrind/vgpreload_memcheck-amd64-linux.so)
==37408==    by 0x8364BD8: g_malloc (in /usr/lib/x86_64-linux-gnu/libglib-2.0.so.0.5600.4)
==37408==    by 0x837CA85: g_slice_alloc (in /usr/lib/x86_64-linux-gnu/libglib-2.0.so.0.5600.4)
==37408==    by 0x139C23EA: ??? (in /usr/lib/x86_64-linux-gnu/libgobject-2.0.so.0.5600.4)
==37408==    by 0x139C2495: ??? (in /usr/lib/x86_64-linux-gnu/libgobject-2.0.so.0.5600.4)
==37408==    by 0x139E431B: ??? (in /usr/lib/x86_64-linux-gnu/libgobject-2.0.so.0.5600.4)
==37408==    by 0x139E45D4: ??? (in /usr/lib/x86_64-linux-gnu/libgobject-2.0.so.0.5600.4)
==37408==    by 0x139E79D5: ??? (in /usr/lib/x86_64-linux-gnu/libgobject-2.0.so.0.5600.4)
==37408==    by 0x139EBED4: g_type_add_interface_static (in /usr/lib/x86_64-linux-gnu/libgobject-2.0.so.0.5600.4)
==37408==    by 0x12C9A3D2: gtk_button_get_type (in /usr/lib/x86_64-linux-gnu/libgtk-3.so.0.2200.30)
==37408==    by 0x12E932FB: gtk_toggle_button_get_type (in /usr/lib/x86_64-linux-gnu/libgtk-3.so.0.2200.30)
==37408==    by 0x198E606F: gtk_module_init (in /usr/lib/x86_64-linux-gnu/gtk-3.0/modules/libcanberra-gtk3-module.so)
==37408== 
==37408== 16 bytes in 1 blocks are possibly lost in loss record 1,374 of 6,696
==37408==    at 0x4C31B0F: malloc (in /usr/lib/valgrind/vgpreload_memcheck-amd64-linux.so)
==37408==    by 0x8364BD8: g_malloc (in /usr/lib/x86_64-linux-gnu/libglib-2.0.so.0.5600.4)
==37408==    by 0x837CA85: g_slice_alloc (in /usr/lib/x86_64-linux-gnu/libglib-2.0.so.0.5600.4)
==37408==    by 0x139C23EA: ??? (in /usr/lib/x86_64-linux-gnu/libgobject-2.0.so.0.5600.4)
==37408==    by 0x139C2495: ??? (in /usr/lib/x86_64-linux-gnu/libgobject-2.0.so.0.5600.4)
==37408==    by 0x139E431B: ??? (in /usr/lib/x86_64-linux-gnu/libgobject-2.0.so.0.5600.4)
==37408==    by 0x139E46E3: ??? (in /usr/lib/x86_64-linux-gnu/libgobject-2.0.so.0.5600.4)
==37408==    by 0x139E79D5: ??? (in /usr/lib/x86_64-linux-gnu/libgobject-2.0.so.0.5600.4)
==37408==    by 0x139EBED4: g_type_add_interface_static (in /usr/lib/x86_64-linux-gnu/libgobject-2.0.so.0.5600.4)
==37408==    by 0x12D6F271: gtk_icon_view_get_type (in /usr/lib/x86_64-linux-gnu/libgtk-3.so.0.2200.30)
==37408==    by 0x198E6112: gtk_module_init (in /usr/lib/x86_64-linux-gnu/gtk-3.0/modules/libcanberra-gtk3-module.so)
==37408==    by 0x12DC42C6: ??? (in /usr/lib/x86_64-linux-gnu/libgtk-3.so.0.2200.30)
==37408== 
==37408== 16 bytes in 1 blocks are possibly lost in loss record 1,375 of 6,696
==37408==    at 0x4C31B0F: malloc (in /usr/lib/valgrind/vgpreload_memcheck-amd64-linux.so)
==37408==    by 0x8364BD8: g_malloc (in /usr/lib/x86_64-linux-gnu/libglib-2.0.so.0.5600.4)
==37408==    by 0x837CA85: g_slice_alloc (in /usr/lib/x86_64-linux-gnu/libglib-2.0.so.0.5600.4)
==37408==    by 0x139C23EA: ??? (in /usr/lib/x86_64-linux-gnu/libgobject-2.0.so.0.5600.4)
==37408==    by 0x139C2495: ??? (in /usr/lib/x86_64-linux-gnu/libgobject-2.0.so.0.5600.4)
==37408==    by 0x139E431B: ??? (in /usr/lib/x86_64-linux-gnu/libgobject-2.0.so.0.5600.4)
==37408==    by 0x139E45D4: ??? (in /usr/lib/x86_64-linux-gnu/libgobject-2.0.so.0.5600.4)
==37408==    by 0x139E79D5: ??? (in /usr/lib/x86_64-linux-gnu/libgobject-2.0.so.0.5600.4)
==37408==    by 0x139EBED4: g_type_add_interface_static (in /usr/lib/x86_64-linux-gnu/libgobject-2.0.so.0.5600.4)
==37408==    by 0x12D6F2D0: gtk_icon_view_get_type (in /usr/lib/x86_64-linux-gnu/libgtk-3.so.0.2200.30)
==37408==    by 0x198E6112: gtk_module_init (in /usr/lib/x86_64-linux-gnu/gtk-3.0/modules/libcanberra-gtk3-module.so)
==37408==    by 0x12DC42C6: ??? (in /usr/lib/x86_64-linux-gnu/libgtk-3.so.0.2200.30)
==37408== 
==37408== 24 bytes in 1 blocks are possibly lost in loss record 1,941 of 6,696
==37408==    at 0x4C33B25: calloc (in /usr/lib/valgrind/vgpreload_memcheck-amd64-linux.so)
==37408==    by 0x8364C30: g_malloc0 (in /usr/lib/x86_64-linux-gnu/libglib-2.0.so.0.5600.4)
==37408==    by 0x139E894C: g_type_class_ref (in /usr/lib/x86_64-linux-gnu/libgobject-2.0.so.0.5600.4)
==37408==    by 0x139E8774: g_type_class_ref (in /usr/lib/x86_64-linux-gnu/libgobject-2.0.so.0.5600.4)
==37408==    by 0x139D67C7: g_param_spec_flags (in /usr/lib/x86_64-linux-gnu/libgobject-2.0.so.0.5600.4)
==37408==    by 0x134A2F72: ??? (in /usr/lib/x86_64-linux-gnu/libgdk-3.so.0.2200.30)
==37408==    by 0x139E8438: g_type_class_ref (in /usr/lib/x86_64-linux-gnu/libgobject-2.0.so.0.5600.4)
==37408==    by 0x139E8774: g_type_class_ref (in /usr/lib/x86_64-linux-gnu/libgobject-2.0.so.0.5600.4)
==37408==    by 0x139CE727: g_object_new_valist (in /usr/lib/x86_64-linux-gnu/libgobject-2.0.so.0.5600.4)
==37408==    by 0x139CE8E8: g_object_new (in /usr/lib/x86_64-linux-gnu/libgobject-2.0.so.0.5600.4)
==37408==    by 0x134CE92C: ??? (in /usr/lib/x86_64-linux-gnu/libgdk-3.so.0.2200.30)
==37408==    by 0x134D11A1: ??? (in /usr/lib/x86_64-linux-gnu/libgdk-3.so.0.2200.30)
==37408== 
==37408== 32 bytes in 1 blocks are possibly lost in loss record 3,069 of 6,696
==37408==    at 0x4C33B25: calloc (in /usr/lib/valgrind/vgpreload_memcheck-amd64-linux.so)
==37408==    by 0x8364C30: g_malloc0 (in /usr/lib/x86_64-linux-gnu/libglib-2.0.so.0.5600.4)
==37408==    by 0x139E894C: g_type_class_ref (in /usr/lib/x86_64-linux-gnu/libgobject-2.0.so.0.5600.4)
==37408==    by 0x139E8774: g_type_class_ref (in /usr/lib/x86_64-linux-gnu/libgobject-2.0.so.0.5600.4)
==37408==    by 0x139D66D7: g_param_spec_enum (in /usr/lib/x86_64-linux-gnu/libgobject-2.0.so.0.5600.4)
==37408==    by 0x134B1EF4: ??? (in /usr/lib/x86_64-linux-gnu/libgdk-3.so.0.2200.30)
==37408==    by 0x139E8438: g_type_class_ref (in /usr/lib/x86_64-linux-gnu/libgobject-2.0.so.0.5600.4)
==37408==    by 0x139E8774: g_type_class_ref (in /usr/lib/x86_64-linux-gnu/libgobject-2.0.so.0.5600.4)
==37408==    by 0x139CE727: g_object_new_valist (in /usr/lib/x86_64-linux-gnu/libgobject-2.0.so.0.5600.4)
==37408==    by 0x139CE8E8: g_object_new (in /usr/lib/x86_64-linux-gnu/libgobject-2.0.so.0.5600.4)
==37408==    by 0x134E3D79: ??? (in /usr/lib/x86_64-linux-gnu/libgdk-3.so.0.2200.30)
==37408==    by 0x134E4C8D: ??? (in /usr/lib/x86_64-linux-gnu/libgdk-3.so.0.2200.30)
==37408== 
==37408== 48 bytes in 3 blocks are possibly lost in loss record 3,870 of 6,696
==37408==    at 0x4C31B0F: malloc (in /usr/lib/valgrind/vgpreload_memcheck-amd64-linux.so)
==37408==    by 0x8364BD8: g_malloc (in /usr/lib/x86_64-linux-gnu/libglib-2.0.so.0.5600.4)
==37408==    by 0x837CA85: g_slice_alloc (in /usr/lib/x86_64-linux-gnu/libglib-2.0.so.0.5600.4)
==37408==    by 0x139C23EA: ??? (in /usr/lib/x86_64-linux-gnu/libgobject-2.0.so.0.5600.4)
==37408==    by 0x139C2495: ??? (in /usr/lib/x86_64-linux-gnu/libgobject-2.0.so.0.5600.4)
==37408==    by 0x139E431B: ??? (in /usr/lib/x86_64-linux-gnu/libgobject-2.0.so.0.5600.4)
==37408==    by 0x139E46E3: ??? (in /usr/lib/x86_64-linux-gnu/libgobject-2.0.so.0.5600.4)
==37408==    by 0x139E79D5: ??? (in /usr/lib/x86_64-linux-gnu/libgobject-2.0.so.0.5600.4)
==37408==    by 0x139EBED4: g_type_add_interface_static (in /usr/lib/x86_64-linux-gnu/libgobject-2.0.so.0.5600.4)
==37408==    by 0x12C9A3A1: gtk_button_get_type (in /usr/lib/x86_64-linux-gnu/libgtk-3.so.0.2200.30)
==37408==    by 0x12E932FB: gtk_toggle_button_get_type (in /usr/lib/x86_64-linux-gnu/libgtk-3.so.0.2200.30)
==37408==    by 0x198E606F: gtk_module_init (in /usr/lib/x86_64-linux-gnu/gtk-3.0/modules/libcanberra-gtk3-module.so)
==37408== 
==37408== 48 bytes in 1 blocks are definitely lost in loss record 3,879 of 6,696
==37408==    at 0x4C3217F: operator new(unsigned long) (in /usr/lib/valgrind/vgpreload_memcheck-amd64-linux.so)
==37408==    by 0x1CB19246: ??? (in /usr/lib/x86_64-linux-gnu/dri/amdgpu_dri.so)
==37408==    by 0x1101: ???
==37408==    by 0x5800BC3F: ??? (in /usr/lib/valgrind/memcheck-amd64-linux)
==37408==    by 0x1F78120F: ???
==37408== 
==37408== 48 bytes in 1 blocks are definitely lost in loss record 3,880 of 6,696
==37408==    at 0x4C3217F: operator new(unsigned long) (in /usr/lib/valgrind/vgpreload_memcheck-amd64-linux.so)
==37408==    by 0x1CB19282: ??? (in /usr/lib/x86_64-linux-gnu/dri/amdgpu_dri.so)
==37408==    by 0x1101: ???
==37408==    by 0x5800BC3F: ??? (in /usr/lib/valgrind/memcheck-amd64-linux)
==37408==    by 0x1F78120F: ???
==37408== 
==37408== 64 bytes in 1 blocks are possibly lost in loss record 4,367 of 6,696
==37408==    at 0x4C33D2F: realloc (in /usr/lib/valgrind/vgpreload_memcheck-amd64-linux.so)
==37408==    by 0x8364C8F: g_realloc (in /usr/lib/x86_64-linux-gnu/libglib-2.0.so.0.5600.4)
==37408==    by 0x139E4840: ??? (in /usr/lib/x86_64-linux-gnu/libgobject-2.0.so.0.5600.4)
==37408==    by 0x139EAA91: g_type_register_static (in /usr/lib/x86_64-linux-gnu/libgobject-2.0.so.0.5600.4)
==37408==    by 0x139C85D7: g_flags_register_static (in /usr/lib/x86_64-linux-gnu/libgobject-2.0.so.0.5600.4)
==37408==    by 0x12DF595A: ??? (in /usr/lib/x86_64-linux-gnu/libgtk-3.so.0.2200.30)
==37408==    by 0x12D02CA4: ??? (in /usr/lib/x86_64-linux-gnu/libgtk-3.so.0.2200.30)
==37408==    by 0x139E8438: g_type_class_ref (in /usr/lib/x86_64-linux-gnu/libgobject-2.0.so.0.5600.4)
==37408==    by 0x139CE727: g_object_new_valist (in /usr/lib/x86_64-linux-gnu/libgobject-2.0.so.0.5600.4)
==37408==    by 0x139CE8E8: g_object_new (in /usr/lib/x86_64-linux-gnu/libgobject-2.0.so.0.5600.4)
==37408==    by 0x12D0454C: ??? (in /usr/lib/x86_64-linux-gnu/libgtk-3.so.0.2200.30)
==37408==    by 0x12D04902: ??? (in /usr/lib/x86_64-linux-gnu/libgtk-3.so.0.2200.30)
==37408== 
==37408== 80 bytes in 1 blocks are possibly lost in loss record 4,771 of 6,696
==37408==    at 0x4C33B25: calloc (in /usr/lib/valgrind/vgpreload_memcheck-amd64-linux.so)
==37408==    by 0x8364C30: g_malloc0 (in /usr/lib/x86_64-linux-gnu/libglib-2.0.so.0.5600.4)
==37408==    by 0x139E894C: g_type_class_ref (in /usr/lib/x86_64-linux-gnu/libgobject-2.0.so.0.5600.4)
==37408==    by 0x139E8774: g_type_class_ref (in /usr/lib/x86_64-linux-gnu/libgobject-2.0.so.0.5600.4)
==37408==    by 0x139EB8B8: g_type_create_instance (in /usr/lib/x86_64-linux-gnu/libgobject-2.0.so.0.5600.4)
==37408==    by 0x139D2782: g_param_spec_internal (in /usr/lib/x86_64-linux-gnu/libgobject-2.0.so.0.5600.4)
==37408==    by 0x139D6CF1: g_param_spec_object (in /usr/lib/x86_64-linux-gnu/libgobject-2.0.so.0.5600.4)
==37408==    by 0x134A9921: ??? (in /usr/lib/x86_64-linux-gnu/libgdk-3.so.0.2200.30)
==37408==    by 0x139E8438: g_type_class_ref (in /usr/lib/x86_64-linux-gnu/libgobject-2.0.so.0.5600.4)
==37408==    by 0x139CDEA7: g_object_new_with_properties (in /usr/lib/x86_64-linux-gnu/libgobject-2.0.so.0.5600.4)
==37408==    by 0x139CE910: g_object_new (in /usr/lib/x86_64-linux-gnu/libgobject-2.0.so.0.5600.4)
==37408==    by 0x134A9A14: gdk_display_manager_get (in /usr/lib/x86_64-linux-gnu/libgdk-3.so.0.2200.30)
==37408== 
==37408== 96 bytes in 1 blocks are possibly lost in loss record 5,786 of 6,696
==37408==    at 0x4C33B25: calloc (in /usr/lib/valgrind/vgpreload_memcheck-amd64-linux.so)
==37408==    by 0x8364C30: g_malloc0 (in /usr/lib/x86_64-linux-gnu/libglib-2.0.so.0.5600.4)
==37408==    by 0x139E48C1: ??? (in /usr/lib/x86_64-linux-gnu/libgobject-2.0.so.0.5600.4)
==37408==    by 0x139E4A5A: ??? (in /usr/lib/x86_64-linux-gnu/libgobject-2.0.so.0.5600.4)
==37408==    by 0x139C219A: ??? (in /usr/lib/x86_64-linux-gnu/libgobject-2.0.so.0.5600.4)
==37408==    by 0x40108D2: call_init (dl-init.c:72)
==37408==    by 0x40108D2: _dl_init (dl-init.c:119)
==37408==    by 0x401539E: dl_open_worker (dl-open.c:522)
==37408==    by 0x64D81EE: _dl_catch_exception (dl-error-skeleton.c:196)
==37408==    by 0x4014969: _dl_open (dl-open.c:605)
==37408==    by 0x810FF95: dlopen_doit (dlopen.c:66)
==37408==    by 0x64D81EE: _dl_catch_exception (dl-error-skeleton.c:196)
==37408==    by 0x64D827E: _dl_catch_error (dl-error-skeleton.c:215)
==37408== 
==37408== 96 bytes in 1 blocks are possibly lost in loss record 5,787 of 6,696
==37408==    at 0x4C33B25: calloc (in /usr/lib/valgrind/vgpreload_memcheck-amd64-linux.so)
==37408==    by 0x8364C30: g_malloc0 (in /usr/lib/x86_64-linux-gnu/libglib-2.0.so.0.5600.4)
==37408==    by 0x139E48C1: ??? (in /usr/lib/x86_64-linux-gnu/libgobject-2.0.so.0.5600.4)
==37408==    by 0x139E4A5A: ??? (in /usr/lib/x86_64-linux-gnu/libgobject-2.0.so.0.5600.4)
==37408==    by 0x139EA522: g_type_register_fundamental (in /usr/lib/x86_64-linux-gnu/libgobject-2.0.so.0.5600.4)
==37408==    by 0x139C83BE: ??? (in /usr/lib/x86_64-linux-gnu/libgobject-2.0.so.0.5600.4)
==37408==    by 0x139C2277: ??? (in /usr/lib/x86_64-linux-gnu/libgobject-2.0.so.0.5600.4)
==37408==    by 0x40108D2: call_init (dl-init.c:72)
==37408==    by 0x40108D2: _dl_init (dl-init.c:119)
==37408==    by 0x401539E: dl_open_worker (dl-open.c:522)
==37408==    by 0x64D81EE: _dl_catch_exception (dl-error-skeleton.c:196)
==37408==    by 0x4014969: _dl_open (dl-open.c:605)
==37408==    by 0x810FF95: dlopen_doit (dlopen.c:66)
==37408== 
==37408== 96 bytes in 1 blocks are possibly lost in loss record 5,788 of 6,696
==37408==    at 0x4C33B25: calloc (in /usr/lib/valgrind/vgpreload_memcheck-amd64-linux.so)
==37408==    by 0x8364C30: g_malloc0 (in /usr/lib/x86_64-linux-gnu/libglib-2.0.so.0.5600.4)
==37408==    by 0x139E48C1: ??? (in /usr/lib/x86_64-linux-gnu/libgobject-2.0.so.0.5600.4)
==37408==    by 0x139E4A5A: ??? (in /usr/lib/x86_64-linux-gnu/libgobject-2.0.so.0.5600.4)
==37408==    by 0x139EA522: g_type_register_fundamental (in /usr/lib/x86_64-linux-gnu/libgobject-2.0.so.0.5600.4)
==37408==    by 0x139C8421: ??? (in /usr/lib/x86_64-linux-gnu/libgobject-2.0.so.0.5600.4)
==37408==    by 0x139C2277: ??? (in /usr/lib/x86_64-linux-gnu/libgobject-2.0.so.0.5600.4)
==37408==    by 0x40108D2: call_init (dl-init.c:72)
==37408==    by 0x40108D2: _dl_init (dl-init.c:119)
==37408==    by 0x401539E: dl_open_worker (dl-open.c:522)
==37408==    by 0x64D81EE: _dl_catch_exception (dl-error-skeleton.c:196)
==37408==    by 0x4014969: _dl_open (dl-open.c:605)
==37408==    by 0x810FF95: dlopen_doit (dlopen.c:66)
==37408== 
==37408== 96 bytes in 1 blocks are possibly lost in loss record 5,789 of 6,696
==37408==    at 0x4C33B25: calloc (in /usr/lib/valgrind/vgpreload_memcheck-amd64-linux.so)
==37408==    by 0x8364C30: g_malloc0 (in /usr/lib/x86_64-linux-gnu/libglib-2.0.so.0.5600.4)
==37408==    by 0x139E48C1: ??? (in /usr/lib/x86_64-linux-gnu/libgobject-2.0.so.0.5600.4)
==37408==    by 0x139E4A5A: ??? (in /usr/lib/x86_64-linux-gnu/libgobject-2.0.so.0.5600.4)
==37408==    by 0x139EA522: g_type_register_fundamental (in /usr/lib/x86_64-linux-gnu/libgobject-2.0.so.0.5600.4)
==37408==    by 0x139D21BB: ??? (in /usr/lib/x86_64-linux-gnu/libgobject-2.0.so.0.5600.4)
==37408==    by 0x139C2281: ??? (in /usr/lib/x86_64-linux-gnu/libgobject-2.0.so.0.5600.4)
==37408==    by 0x40108D2: call_init (dl-init.c:72)
==37408==    by 0x40108D2: _dl_init (dl-init.c:119)
==37408==    by 0x401539E: dl_open_worker (dl-open.c:522)
==37408==    by 0x64D81EE: _dl_catch_exception (dl-error-skeleton.c:196)
==37408==    by 0x4014969: _dl_open (dl-open.c:605)
==37408==    by 0x810FF95: dlopen_doit (dlopen.c:66)
==37408== 
==37408== 96 bytes in 1 blocks are possibly lost in loss record 5,790 of 6,696
==37408==    at 0x4C33B25: calloc (in /usr/lib/valgrind/vgpreload_memcheck-amd64-linux.so)
==37408==    by 0x8364C30: g_malloc0 (in /usr/lib/x86_64-linux-gnu/libglib-2.0.so.0.5600.4)
==37408==    by 0x139E48C1: ??? (in /usr/lib/x86_64-linux-gnu/libgobject-2.0.so.0.5600.4)
==37408==    by 0x139E4A5A: ??? (in /usr/lib/x86_64-linux-gnu/libgobject-2.0.so.0.5600.4)
==37408==    by 0x139EA522: g_type_register_fundamental (in /usr/lib/x86_64-linux-gnu/libgobject-2.0.so.0.5600.4)
==37408==    by 0x139CCFBB: ??? (in /usr/lib/x86_64-linux-gnu/libgobject-2.0.so.0.5600.4)
==37408==    by 0x139C2286: ??? (in /usr/lib/x86_64-linux-gnu/libgobject-2.0.so.0.5600.4)
==37408==    by 0x40108D2: call_init (dl-init.c:72)
==37408==    by 0x40108D2: _dl_init (dl-init.c:119)
==37408==    by 0x401539E: dl_open_worker (dl-open.c:522)
==37408==    by 0x64D81EE: _dl_catch_exception (dl-error-skeleton.c:196)
==37408==    by 0x4014969: _dl_open (dl-open.c:605)
==37408==    by 0x810FF95: dlopen_doit (dlopen.c:66)
==37408== 
==37408== 132 bytes in 1 blocks are possibly lost in loss record 6,064 of 6,696
==37408==    at 0x4C33B25: calloc (in /usr/lib/valgrind/vgpreload_memcheck-amd64-linux.so)
==37408==    by 0x8364C30: g_malloc0 (in /usr/lib/x86_64-linux-gnu/libglib-2.0.so.0.5600.4)
==37408==    by 0x139E58EF: ??? (in /usr/lib/x86_64-linux-gnu/libgobject-2.0.so.0.5600.4)
==37408==    by 0x139EA580: g_type_register_fundamental (in /usr/lib/x86_64-linux-gnu/libgobject-2.0.so.0.5600.4)
==37408==    by 0x139C83BE: ??? (in /usr/lib/x86_64-linux-gnu/libgobject-2.0.so.0.5600.4)
==37408==    by 0x139C2277: ??? (in /usr/lib/x86_64-linux-gnu/libgobject-2.0.so.0.5600.4)
==37408==    by 0x40108D2: call_init (dl-init.c:72)
==37408==    by 0x40108D2: _dl_init (dl-init.c:119)
==37408==    by 0x401539E: dl_open_worker (dl-open.c:522)
==37408==    by 0x64D81EE: _dl_catch_exception (dl-error-skeleton.c:196)
==37408==    by 0x4014969: _dl_open (dl-open.c:605)
==37408==    by 0x810FF95: dlopen_doit (dlopen.c:66)
==37408==    by 0x64D81EE: _dl_catch_exception (dl-error-skeleton.c:196)
==37408== 
==37408== 132 bytes in 1 blocks are possibly lost in loss record 6,065 of 6,696
==37408==    at 0x4C33B25: calloc (in /usr/lib/valgrind/vgpreload_memcheck-amd64-linux.so)
==37408==    by 0x8364C30: g_malloc0 (in /usr/lib/x86_64-linux-gnu/libglib-2.0.so.0.5600.4)
==37408==    by 0x139E58EF: ??? (in /usr/lib/x86_64-linux-gnu/libgobject-2.0.so.0.5600.4)
==37408==    by 0x139EA580: g_type_register_fundamental (in /usr/lib/x86_64-linux-gnu/libgobject-2.0.so.0.5600.4)
==37408==    by 0x139C8421: ??? (in /usr/lib/x86_64-linux-gnu/libgobject-2.0.so.0.5600.4)
==37408==    by 0x139C2277: ??? (in /usr/lib/x86_64-linux-gnu/libgobject-2.0.so.0.5600.4)
==37408==    by 0x40108D2: call_init (dl-init.c:72)
==37408==    by 0x40108D2: _dl_init (dl-init.c:119)
==37408==    by 0x401539E: dl_open_worker (dl-open.c:522)
==37408==    by 0x64D81EE: _dl_catch_exception (dl-error-skeleton.c:196)
==37408==    by 0x4014969: _dl_open (dl-open.c:605)
==37408==    by 0x810FF95: dlopen_doit (dlopen.c:66)
==37408==    by 0x64D81EE: _dl_catch_exception (dl-error-skeleton.c:196)
==37408== 
==37408== 148 bytes in 1 blocks are possibly lost in loss record 6,111 of 6,696
==37408==    at 0x4C33B25: calloc (in /usr/lib/valgrind/vgpreload_memcheck-amd64-linux.so)
==37408==    by 0x8364C30: g_malloc0 (in /usr/lib/x86_64-linux-gnu/libglib-2.0.so.0.5600.4)
==37408==    by 0x139E5708: ??? (in /usr/lib/x86_64-linux-gnu/libgobject-2.0.so.0.5600.4)
==37408==    by 0x139EA580: g_type_register_fundamental (in /usr/lib/x86_64-linux-gnu/libgobject-2.0.so.0.5600.4)
==37408==    by 0x139D21BB: ??? (in /usr/lib/x86_64-linux-gnu/libgobject-2.0.so.0.5600.4)
==37408==    by 0x139C2281: ??? (in /usr/lib/x86_64-linux-gnu/libgobject-2.0.so.0.5600.4)
==37408==    by 0x40108D2: call_init (dl-init.c:72)
==37408==    by 0x40108D2: _dl_init (dl-init.c:119)
==37408==    by 0x401539E: dl_open_worker (dl-open.c:522)
==37408==    by 0x64D81EE: _dl_catch_exception (dl-error-skeleton.c:196)
==37408==    by 0x4014969: _dl_open (dl-open.c:605)
==37408==    by 0x810FF95: dlopen_doit (dlopen.c:66)
==37408==    by 0x64D81EE: _dl_catch_exception (dl-error-skeleton.c:196)
==37408== 
==37408== 148 bytes in 1 blocks are possibly lost in loss record 6,112 of 6,696
==37408==    at 0x4C33B25: calloc (in /usr/lib/valgrind/vgpreload_memcheck-amd64-linux.so)
==37408==    by 0x8364C30: g_malloc0 (in /usr/lib/x86_64-linux-gnu/libglib-2.0.so.0.5600.4)
==37408==    by 0x139E5708: ??? (in /usr/lib/x86_64-linux-gnu/libgobject-2.0.so.0.5600.4)
==37408==    by 0x139EA580: g_type_register_fundamental (in /usr/lib/x86_64-linux-gnu/libgobject-2.0.so.0.5600.4)
==37408==    by 0x139CCFBB: ??? (in /usr/lib/x86_64-linux-gnu/libgobject-2.0.so.0.5600.4)
==37408==    by 0x139C2286: ??? (in /usr/lib/x86_64-linux-gnu/libgobject-2.0.so.0.5600.4)
==37408==    by 0x40108D2: call_init (dl-init.c:72)
==37408==    by 0x40108D2: _dl_init (dl-init.c:119)
==37408==    by 0x401539E: dl_open_worker (dl-open.c:522)
==37408==    by 0x64D81EE: _dl_catch_exception (dl-error-skeleton.c:196)
==37408==    by 0x4014969: _dl_open (dl-open.c:605)
==37408==    by 0x810FF95: dlopen_doit (dlopen.c:66)
==37408==    by 0x64D81EE: _dl_catch_exception (dl-error-skeleton.c:196)
==37408== 
==37408== 168 bytes in 1 blocks are definitely lost in loss record 6,148 of 6,696
==37408==    at 0x4C33B25: calloc (in /usr/lib/valgrind/vgpreload_memcheck-amd64-linux.so)
==37408==    by 0x1C84F66A: ??? (in /usr/lib/x86_64-linux-gnu/dri/amdgpu_dri.so)
==37408==    by 0xFFFFFFFE: ???
==37408== 
==37408== 184 bytes in 1 blocks are possibly lost in loss record 6,176 of 6,696
==37408==    at 0x4C33D2F: realloc (in /usr/lib/valgrind/vgpreload_memcheck-amd64-linux.so)
==37408==    by 0x8364C8F: g_realloc (in /usr/lib/x86_64-linux-gnu/libglib-2.0.so.0.5600.4)
==37408==    by 0x139E4840: ??? (in /usr/lib/x86_64-linux-gnu/libgobject-2.0.so.0.5600.4)
==37408==    by 0x139EAA91: g_type_register_static (in /usr/lib/x86_64-linux-gnu/libgobject-2.0.so.0.5600.4)
==37408==    by 0x139D3E5B: g_param_type_register_static (in /usr/lib/x86_64-linux-gnu/libgobject-2.0.so.0.5600.4)
==37408==    by 0x139D617A: ??? (in /usr/lib/x86_64-linux-gnu/libgobject-2.0.so.0.5600.4)
==37408==    by 0x139C228B: ??? (in /usr/lib/x86_64-linux-gnu/libgobject-2.0.so.0.5600.4)
==37408==    by 0x40108D2: call_init (dl-init.c:72)
==37408==    by 0x40108D2: _dl_init (dl-init.c:119)
==37408==    by 0x401539E: dl_open_worker (dl-open.c:522)
==37408==    by 0x64D81EE: _dl_catch_exception (dl-error-skeleton.c:196)
==37408==    by 0x4014969: _dl_open (dl-open.c:605)
==37408==    by 0x810FF95: dlopen_doit (dlopen.c:66)
==37408== 
==37408== 288 (256 direct, 32 indirect) bytes in 1 blocks are definitely lost in loss record 6,322 of 6,696
==37408==    at 0x4C31B0F: malloc (in /usr/lib/valgrind/vgpreload_memcheck-amd64-linux.so)
==37408==    by 0xE0E28ED: ??? (in /usr/lib/x86_64-linux-gnu/libfontconfig.so.1.10.1)
==37408==    by 0xE0E3096: ??? (in /usr/lib/x86_64-linux-gnu/libfontconfig.so.1.10.1)
==37408==    by 0xE0E4377: ??? (in /usr/lib/x86_64-linux-gnu/libfontconfig.so.1.10.1)
==37408==    by 0xE0E99C3: ??? (in /usr/lib/x86_64-linux-gnu/libfontconfig.so.1.10.1)
==37408==    by 0x10674E27: ??? (in /lib/x86_64-linux-gnu/libexpat.so.1.6.7)
==37408==    by 0x10675BFB: ??? (in /lib/x86_64-linux-gnu/libexpat.so.1.6.7)
==37408==    by 0x10673822: ??? (in /lib/x86_64-linux-gnu/libexpat.so.1.6.7)
==37408==    by 0x1067450A: ??? (in /lib/x86_64-linux-gnu/libexpat.so.1.6.7)
==37408==    by 0x106780EC: XML_ParseBuffer (in /lib/x86_64-linux-gnu/libexpat.so.1.6.7)
==37408==    by 0xE0E8B42: ??? (in /usr/lib/x86_64-linux-gnu/libfontconfig.so.1.10.1)
==37408==    by 0xE0E8F75: FcConfigParseAndLoad (in /usr/lib/x86_64-linux-gnu/libfontconfig.so.1.10.1)
==37408== 
==37408== 360 bytes in 1 blocks are possibly lost in loss record 6,360 of 6,696
==37408==    at 0x4C33D2F: realloc (in /usr/lib/valgrind/vgpreload_memcheck-amd64-linux.so)
==37408==    by 0x8364C8F: g_realloc (in /usr/lib/x86_64-linux-gnu/libglib-2.0.so.0.5600.4)
==37408==    by 0x139E4840: ??? (in /usr/lib/x86_64-linux-gnu/libgobject-2.0.so.0.5600.4)
==37408==    by 0x139EAA91: g_type_register_static (in /usr/lib/x86_64-linux-gnu/libgobject-2.0.so.0.5600.4)
==37408==    by 0x139C84E7: g_enum_register_static (in /usr/lib/x86_64-linux-gnu/libgobject-2.0.so.0.5600.4)
==37408==    by 0x12EDE8DA: gtk_orientation_get_type (in /usr/lib/x86_64-linux-gnu/libgtk-3.so.0.2200.30)
==37408==    by 0x12D6E13F: ??? (in /usr/lib/x86_64-linux-gnu/libgtk-3.so.0.2200.30)
==37408==    by 0x139E8438: g_type_class_ref (in /usr/lib/x86_64-linux-gnu/libgobject-2.0.so.0.5600.4)
==37408==    by 0x198E41F7: ??? (in /usr/lib/x86_64-linux-gnu/gtk-3.0/modules/libcanberra-gtk3-module.so)
==37408==    by 0x198E6128: gtk_module_init (in /usr/lib/x86_64-linux-gnu/gtk-3.0/modules/libcanberra-gtk3-module.so)
==37408==    by 0x12DC42C6: ??? (in /usr/lib/x86_64-linux-gnu/libgtk-3.so.0.2200.30)
==37408==    by 0x12DC4557: ??? (in /usr/lib/x86_64-linux-gnu/libgtk-3.so.0.2200.30)
==37408== 
==37408== 416 bytes in 1 blocks are possibly lost in loss record 6,389 of 6,696
==37408==    at 0x4C33B25: calloc (in /usr/lib/valgrind/vgpreload_memcheck-amd64-linux.so)
==37408==    by 0x4013646: allocate_dtv (dl-tls.c:286)
==37408==    by 0x4013646: _dl_allocate_tls (dl-tls.c:530)
==37408==    by 0x6ED3227: allocate_stack (allocatestack.c:627)
==37408==    by 0x6ED3227: pthread_create@@GLIBC_2.2.5 (pthread_create.c:644)
==37408==    by 0x83A561F: ??? (in /usr/lib/x86_64-linux-gnu/libglib-2.0.so.0.5600.4)
==37408==    by 0x83875AE: ??? (in /usr/lib/x86_64-linux-gnu/libglib-2.0.so.0.5600.4)
==37408==    by 0x8387657: g_thread_new (in /usr/lib/x86_64-linux-gnu/libglib-2.0.so.0.5600.4)
==37408==    by 0x83605F3: ??? (in /usr/lib/x86_64-linux-gnu/libglib-2.0.so.0.5600.4)
==37408==    by 0x15161566: g_task_get_type (in /usr/lib/x86_64-linux-gnu/libgio-2.0.so.0.5600.4)
==37408==    by 0x151A4170: ??? (in /usr/lib/x86_64-linux-gnu/libgio-2.0.so.0.5600.4)
==37408==    by 0x15198070: g_bus_get_sync (in /usr/lib/x86_64-linux-gnu/libgio-2.0.so.0.5600.4)
==37408==    by 0x1748BE3A: ??? (in /usr/lib/x86_64-linux-gnu/gio/modules/libgvfsdbus.so)
==37408==    by 0x139EB9E4: g_type_create_instance (in /usr/lib/x86_64-linux-gnu/libgobject-2.0.so.0.5600.4)
==37408== 
==37408== 416 bytes in 1 blocks are possibly lost in loss record 6,390 of 6,696
==37408==    at 0x4C33B25: calloc (in /usr/lib/valgrind/vgpreload_memcheck-amd64-linux.so)
==37408==    by 0x4013646: allocate_dtv (dl-tls.c:286)
==37408==    by 0x4013646: _dl_allocate_tls (dl-tls.c:530)
==37408==    by 0x6ED3227: allocate_stack (allocatestack.c:627)
==37408==    by 0x6ED3227: pthread_create@@GLIBC_2.2.5 (pthread_create.c:644)
==37408==    by 0x83A561F: ??? (in /usr/lib/x86_64-linux-gnu/libglib-2.0.so.0.5600.4)
==37408==    by 0x83875AE: ??? (in /usr/lib/x86_64-linux-gnu/libglib-2.0.so.0.5600.4)
==37408==    by 0x8387657: g_thread_new (in /usr/lib/x86_64-linux-gnu/libglib-2.0.so.0.5600.4)
==37408==    by 0x151A3D13: ??? (in /usr/lib/x86_64-linux-gnu/libgio-2.0.so.0.5600.4)
==37408==    by 0x15197A4C: ??? (in /usr/lib/x86_64-linux-gnu/libgio-2.0.so.0.5600.4)
==37408==    by 0x151980C2: g_bus_get_sync (in /usr/lib/x86_64-linux-gnu/libgio-2.0.so.0.5600.4)
==37408==    by 0x1748BE3A: ??? (in /usr/lib/x86_64-linux-gnu/gio/modules/libgvfsdbus.so)
==37408==    by 0x139EB9E4: g_type_create_instance (in /usr/lib/x86_64-linux-gnu/libgobject-2.0.so.0.5600.4)
==37408==    by 0x139CC6F7: ??? (in /usr/lib/x86_64-linux-gnu/libgobject-2.0.so.0.5600.4)
==37408== 
==37408== 576 bytes in 1 blocks are possibly lost in loss record 6,452 of 6,696
==37408==    at 0x4C33D2F: realloc (in /usr/lib/valgrind/vgpreload_memcheck-amd64-linux.so)
==37408==    by 0x8364C8F: g_realloc (in /usr/lib/x86_64-linux-gnu/libglib-2.0.so.0.5600.4)
==37408==    by 0x139E4840: ??? (in /usr/lib/x86_64-linux-gnu/libgobject-2.0.so.0.5600.4)
==37408==    by 0x139EAA91: g_type_register_static (in /usr/lib/x86_64-linux-gnu/libgobject-2.0.so.0.5600.4)
==37408==    by 0x139EAD64: g_type_register_static_simple (in /usr/lib/x86_64-linux-gnu/libgobject-2.0.so.0.5600.4)
==37408==    by 0x1377DDD3: pango_font_face_get_type (in /usr/lib/x86_64-linux-gnu/libpango-1.0.so.0.4000.14)
==37408==    by 0x1292A73F: ??? (in /usr/lib/x86_64-linux-gnu/qt5/plugins/platformthemes/libqgtk3.so)
==37408==    by 0x12924B49: ??? (in /usr/lib/x86_64-linux-gnu/qt5/plugins/platformthemes/libqgtk3.so)
==37408==    by 0x684E7E9: QPlatformThemeFactory::create(QString const&, QString const&) (in /usr/lib/x86_64-linux-gnu/libQt5Gui.so.5.9.5)
==37408==    by 0x685CA6F: QGuiApplicationPrivate::createPlatformIntegration() (in /usr/lib/x86_64-linux-gnu/libQt5Gui.so.5.9.5)
==37408==    by 0x685D4AC: QGuiApplicationPrivate::createEventDispatcher() (in /usr/lib/x86_64-linux-gnu/libQt5Gui.so.5.9.5)
==37408==    by 0x5916764: QCoreApplicationPrivate::init() (in /usr/lib/x86_64-linux-gnu/libQt5Core.so.5.9.5)
==37408== 
==37408== 1,798 (24 direct, 1,774 indirect) bytes in 1 blocks are definitely lost in loss record 6,567 of 6,696
==37408==    at 0x4C31B0F: malloc (in /usr/lib/valgrind/vgpreload_memcheck-amd64-linux.so)
==37408==    by 0x1EC09D98: ???
==37408==    by 0x1EC07530: ???
==37408==    by 0x1C850223: ??? (in /usr/lib/x86_64-linux-gnu/dri/amdgpu_dri.so)
==37408==    by 0xFFFFFFFE: ???
==37408==    by 0x1FFEFFF57F: ???
==37408==    by 0x1FFEFFF59F: ???
==37408==    by 0x1FFEFFF58F: ???
==37408==    by 0x1D42B5CB: ??? (in /usr/lib/x86_64-linux-gnu/dri/amdgpu_dri.so)
==37408==    by 0x1977CC8F: ???
==37408==    by 0x1FFEFFF6B7: ???
==37408==    by 0x88F6BDF: ??? (in /opt/amdgpu-pro/lib/x86_64-linux-gnu/libGL.so.1.2)
==37408== 
==37408== 6,735 (232 direct, 6,503 indirect) bytes in 1 blocks are definitely lost in loss record 6,663 of 6,696
==37408==    at 0x4C33B25: calloc (in /usr/lib/valgrind/vgpreload_memcheck-amd64-linux.so)
==37408==    by 0x108C6BDF: ??? (in /lib/x86_64-linux-gnu/libdbus-1.so.3.19.4)
==37408==    by 0x108D13FE: ??? (in /lib/x86_64-linux-gnu/libdbus-1.so.3.19.4)
==37408==    by 0x108D16A4: ??? (in /lib/x86_64-linux-gnu/libdbus-1.so.3.19.4)
==37408==    by 0x108C4F6F: ??? (in /lib/x86_64-linux-gnu/libdbus-1.so.3.19.4)
==37408==    by 0x108AF194: ??? (in /lib/x86_64-linux-gnu/libdbus-1.so.3.19.4)
==37408==    by 0x108AAAF3: ??? (in /lib/x86_64-linux-gnu/libdbus-1.so.3.19.4)
==37408==    by 0xE321C87: ??? (in /usr/lib/x86_64-linux-gnu/libQt5DBus.so.5.9.5)
==37408==    by 0x593F091: QObject::event(QEvent*) (in /usr/lib/x86_64-linux-gnu/libQt5Core.so.5.9.5)
==37408==    by 0x590F890: QCoreApplication::notifyInternal2(QObject*, QEvent*) (in /usr/lib/x86_64-linux-gnu/libQt5Core.so.5.9.5)
==37408==    by 0x591201C: QCoreApplicationPrivate::sendPostedEvents(QObject*, int, QThreadData*) (in /usr/lib/x86_64-linux-gnu/libQt5Core.so.5.9.5)
==37408==    by 0x5969232: ??? (in /usr/lib/x86_64-linux-gnu/libQt5Core.so.5.9.5)
==37408== 
==37408== 6,774 (232 direct, 6,542 indirect) bytes in 1 blocks are definitely lost in loss record 6,664 of 6,696
==37408==    at 0x4C33B25: calloc (in /usr/lib/valgrind/vgpreload_memcheck-amd64-linux.so)
==37408==    by 0x108C6BDF: ??? (in /lib/x86_64-linux-gnu/libdbus-1.so.3.19.4)
==37408==    by 0x108D13FE: ??? (in /lib/x86_64-linux-gnu/libdbus-1.so.3.19.4)
==37408==    by 0x108D188C: ??? (in /lib/x86_64-linux-gnu/libdbus-1.so.3.19.4)
==37408==    by 0x108C4F6F: ??? (in /lib/x86_64-linux-gnu/libdbus-1.so.3.19.4)
==37408==    by 0x108AF194: ??? (in /lib/x86_64-linux-gnu/libdbus-1.so.3.19.4)
==37408==    by 0xE321AF6: ??? (in /usr/lib/x86_64-linux-gnu/libQt5DBus.so.5.9.5)
==37408==    by 0x593F091: QObject::event(QEvent*) (in /usr/lib/x86_64-linux-gnu/libQt5Core.so.5.9.5)
==37408==    by 0x590F890: QCoreApplication::notifyInternal2(QObject*, QEvent*) (in /usr/lib/x86_64-linux-gnu/libQt5Core.so.5.9.5)
==37408==    by 0x591201C: QCoreApplicationPrivate::sendPostedEvents(QObject*, int, QThreadData*) (in /usr/lib/x86_64-linux-gnu/libQt5Core.so.5.9.5)
==37408==    by 0x5969232: ??? (in /usr/lib/x86_64-linux-gnu/libQt5Core.so.5.9.5)
==37408==    by 0x835F536: g_main_context_dispatch (in /usr/lib/x86_64-linux-gnu/libglib-2.0.so.0.5600.4)
==37408== 
==37408== LEAK SUMMARY:
==37408==    definitely lost: 1,036 bytes in 9 blocks
==37408==    indirectly lost: 14,851 bytes in 96 blocks
==37408==      possibly lost: 3,416 bytes in 32 blocks
==37408==    still reachable: 1,586,570 bytes in 21,139 blocks
==37408==                       of which reachable via heuristic:
==37408==                         length64           : 4,832 bytes in 80 blocks
==37408==                         newarray           : 2,096 bytes in 51 blocks
==37408==         suppressed: 0 bytes in 0 blocks
==37408== Reachable blocks (those to which a pointer was found) are not shown.
==37408== To see them, rerun with: --leak-check=full --show-leak-kinds=all
==37408== 
==37408== For counts of detected and suppressed errors, rerun with: -v
==37408== Use --track-origins=yes to see where uninitialised values come from
==37408== ERROR SUMMARY: 143 errors from 65 contexts (suppressed: 0 from 0)
